app/intermediates/manifest_merge_blame_file/debug/manifest-merger-blame-debug-report.txt
1<?xml version="1.0" encoding="utf-8"?>
2<manifest xmlns:android="http://schemas.android.com/apk/res/android"
3    package="com.example.tinabook"
4    android:versionCode="1"
5    android:versionName="1.0" >
6
7    <uses-sdk
8        android:minSdkVersion="21"
8-->src\main\AndroidManifest.xml
9        android:targetSdkVersion="29" />
9-->src\main\AndroidManifest.xml
10
11    <uses-permission android:name="android.permission.INTERNET" />
11-->src\main\AndroidManifest.xml:5:5-67
11-->src\main\AndroidManifest.xml:5:22-64
12
13    <application
13-->src\main\AndroidManifest.xml:7:5-23:19
14        android:allowBackup="true"
14-->src\main\AndroidManifest.xml:8:9-35
15        android:appComponentFactory="androidx.core.app.CoreComponentFactory"
15-->[androidx.core:core:1.0.1] AndroidManifest.xml:22:18-86
16        android:debuggable="true"
17        android:icon="@mipmap/ic_launcher"
17-->src\main\AndroidManifest.xml:9:9-43
18        android:label="@string/app_name"
18-->src\main\AndroidManifest.xml:10:9-41
19        android:roundIcon="@mipmap/ic_launcher_round"
19-->src\main\AndroidManifest.xml:11:9-54
20        android:supportsRtl="true"
20-->src\main\AndroidManifest.xml:12:9-35
21        android:theme="@style/AppTheme" >
21-->src\main\AndroidManifest.xml:13:9-40
22        <activity android:name="com.example.tinabook.MainActivity" >
22-->src\main\AndroidManifest.xml:14:9-20:20
22-->src\main\AndroidManifest.xml:14:19-47
23            <intent-filter>
23-->src\main\AndroidManifest.xml:15:13-19:29
24                <action android:name="android.intent.action.MAIN" />
24-->src\main\AndroidManifest.xml:16:17-69
24-->src\main\AndroidManifest.xml:16:25-66
25
26                <category android:name="android.intent.category.LAUNCHER" />
26-->src\main\AndroidManifest.xml:18:17-77
26-->src\main\AndroidManifest.xml:18:27-74
27            </intent-filter>
28        </activity>
29        <activity android:name="com.example.tinabook.BookActivity" />
29-->src\main\AndroidManifest.xml:21:9-50
29-->src\main\AndroidManifest.xml:21:19-47
30        <activity android:name="com.example.tinabook.BookAdapter" />
30-->src\main\AndroidManifest.xml:22:9-49
30-->src\main\AndroidManifest.xml:22:19-46
31        <activity
31-->[com.google.android.gms:play-services-auth:15.0.1] AndroidManifest.xml:23:9-27:75
32            android:name="com.google.android.gms.auth.api.signin.internal.SignInHubActivity"
32-->[com.google.android.gms:play-services-auth:15.0.1] AndroidManifest.xml:24:13-93
33            android:excludeFromRecents="true"
33-->[com.google.android.gms:play-services-auth:15.0.1] AndroidManifest.xml:25:13-46
34            android:exported="false"
34-->[com.google.android.gms:play-services-auth:15.0.1] AndroidManifest.xml:26:13-37
35            android:theme="@android:style/Theme.Translucent.NoTitleBar" />
35-->[com.google.android.gms:play-services-auth:15.0.1] AndroidManifest.xml:27:13-72
36        <!--
37            Service handling Google Sign-In user revocation. For apps that do not integrate with
38            Google Sign-In, this service will never be started.
39        -->
40        <service
40-->[com.google.android.gms:play-services-auth:15.0.1] AndroidManifest.xml:33:9-36:110
41            android:name="com.google.android.gms.auth.api.signin.RevocationBoundService"
41-->[com.google.android.gms:play-services-auth:15.0.1] AndroidManifest.xml:34:13-89
42            android:exported="true"
42-->[com.google.android.gms:play-services-auth:15.0.1] AndroidManifest.xml:35:13-36
43            android:permission="com.google.android.gms.auth.api.signin.permission.REVOCATION_NOTIFICATION" />
43-->[com.google.android.gms:play-services-auth:15.0.1] AndroidManifest.xml:36:13-107
44
45        <activity
45-->[com.google.android.gms:play-services-base:15.0.1] AndroidManifest.xml:23:9-26:75
46            android:name="com.google.android.gms.common.api.GoogleApiActivity"
46-->[com.google.android.gms:play-services-base:15.0.1] AndroidManifest.xml:24:13-79
47            android:exported="false"
47-->[com.google.android.gms:play-services-base:15.0.1] AndroidManifest.xml:25:13-37
48            android:theme="@android:style/Theme.Translucent.NoTitleBar" />
48-->[com.google.android.gms:play-services-base:15.0.1] AndroidManifest.xml:26:13-72
49
50        <meta-data
50-->[com.google.android.gms:play-services-basement:15.0.1] AndroidManifest.xml:23:9-25:69
51            android:name="com.google.android.gms.version"
51-->[com.google.android.gms:play-services-basement:15.0.1] AndroidManifest.xml:24:13-58
52            android:value="@integer/google_play_services_version" />
52-->[com.google.android.gms:play-services-basement:15.0.1] AndroidManifest.xml:25:13-66
53    </application>
54
55</manifest>